<?xml version="1.0" encoding="UTF-8"?>
<!-- Generated by org.testng.reporters.JUnitReportReporter -->
<testsuite ignored="1" hostname="DESKTOP-OM7JNCE" failures="0" tests="13" name="TestCases1.OverviewPage1_1Test" time="145.445" errors="0" timestamp="27 Oct 2022 17:27:23 GMT" skipped="0">
  <testcase classname="TestCases1.OverviewPage1_1Test" name="product2Test" time="9.646"/>
  <testcase classname="TestCases1.OverviewPage1_1Test" name="product1Test" time="14.884"/>
  <testcase classname="TestCases1.OverviewPage1_1Test" name="product4Test" time="20.363"/>
  <testcase classname="TestCases1.OverviewPage1_1Test" name="product3Test" time="9.726"/>
  <testcase classname="TestCases1.OverviewPage1_1Test" name="totallLabelTest" time="12.218"/>
  <testcase classname="TestCases1.OverviewPage1_1Test" name="product6Test" time="9.388"/>
  <testcase classname="TestCases1.OverviewPage1_1Test" name="currentUrlTest" time="9.174"/>
  <testcase classname="TestCases1.OverviewPage1_1Test" name="totalAmountLabelTest" time="8.986"/>
  <testcase classname="TestCases1.OverviewPage1_1Test" name="shioppingInfoTest" time="11.560"/>
  <testcase classname="TestCases1.OverviewPage1_1Test" name="product5Test" time="9.612"/>
  <testcase classname="TestCases1.OverviewPage1_1Test" name="finishButtonTest" time="10.942"/>
  <testcase classname="TestCases1.OverviewPage1_1Test" name="paymentInfoTest" time="9.633"/>
  <testcase classname="TestCases1.OverviewPage1_1Test" name="taxLabelTest" time="9.313"/>
  <testcase classname="TestCases1.CompletePage1_1Test" name="finalLogoTest">
    <skipped/>
  </testcase> <!-- finalLogoTest -->
</testsuite> <!-- TestCases1.OverviewPage1_1Test -->
