<?xml version="1.0" encoding="UTF-8"?>
<!-- Generated by org.testng.reporters.JUnitReportReporter -->
<testsuite ignored="0" hostname="DESKTOP-OM7JNCE" failures="0" tests="1" name="TestCases1.CartPage1_1Test" time="14.306" errors="0" timestamp="30 Sep 2023 11:11:46 GMT" skipped="0">
  <testcase classname="TestCases1.CartPage1_1Test" name="checkOutPage4Test" time="14.306"/>
</testsuite> <!-- TestCases1.CartPage1_1Test -->
