<?xml version="1.0" encoding="UTF-8"?>
<!-- Generated by org.testng.reporters.JUnitReportReporter -->
<testsuite ignored="0" hostname="DESKTOP-OM7JNCE" failures="0" tests="4" name="TestCases.ParallelTest" time="92.923" errors="0" timestamp="24 Oct 2022 05:19:16 GMT" skipped="0">
  <testcase classname="TestCases.ParallelTest" name="openGoogle" time="48.798"/>
  <testcase classname="TestCases.ParallelTest" name="openSwagLabs" time="26.830"/>
  <testcase classname="TestCases.ParallelTest" name="amzonApp" time="11.736"/>
  <testcase classname="TestCases.ParallelTest" name="rediffMail" time="5.559"/>
</testsuite> <!-- TestCases.ParallelTest -->
