<?xml version="1.0" encoding="UTF-8"?>
<!-- Generated by org.testng.reporters.JUnitReportReporter -->
<testsuite ignored="0" hostname="DESKTOP-OM7JNCE" failures="0" tests="13" name="TestCases.OverviewPageTest" time="72.614" errors="0" timestamp="14 Dec 2022 07:11:51 GMT" skipped="0">
  <testcase classname="TestCases.OverviewPageTest" name="product2Test" time="5.330"/>
  <testcase classname="TestCases.OverviewPageTest" name="taxLabelTest" time="4.967"/>
  <testcase classname="TestCases.OverviewPageTest" name="shioppingInfoTest" time="7.977"/>
  <testcase classname="TestCases.OverviewPageTest" name="product5Test" time="5.275"/>
  <testcase classname="TestCases.OverviewPageTest" name="paymentInfoTest" time="6.521"/>
  <testcase classname="TestCases.OverviewPageTest" name="totallLabelTest" time="4.713"/>
  <testcase classname="TestCases.OverviewPageTest" name="product1Test" time="5.591"/>
  <testcase classname="TestCases.OverviewPageTest" name="product4Test" time="5.238"/>
  <testcase classname="TestCases.OverviewPageTest" name="currentUrlTest" time="5.473"/>
  <testcase classname="TestCases.OverviewPageTest" name="product3Test" time="5.681"/>
  <testcase classname="TestCases.OverviewPageTest" name="product6Test" time="5.447"/>
  <testcase classname="TestCases.OverviewPageTest" name="finishButtonTest" time="5.400"/>
  <testcase classname="TestCases.OverviewPageTest" name="totalAmountLabelTest" time="5.001"/>
</testsuite> <!-- TestCases.OverviewPageTest -->
