<?xml version="1.0" encoding="UTF-8"?>
<!-- Generated by org.testng.reporters.JUnitReportReporter -->
<testsuite ignored="7" hostname="DESKTOP-OM7JNCE" failures="0" tests="3" name="TestCases.GroupTest" time="49.770" errors="0" timestamp="14 Dec 2022 10:32:46 GMT" skipped="0">
  <testcase classname="TestCases.GroupTest" name="remove2ProductTest" time="4.440"/>
  <testcase classname="TestCases.GroupTest" name="gotoNextPage3Test" time="21.962"/>
  <testcase classname="TestCases.GroupTest" name="add6ProductTest" time="23.368"/>
  <testcase classname="TestCases.GroupTest" name="verifyBigLogoTest">
    <skipped/>
  </testcase> <!-- verifyBigLogoTest -->
  <testcase classname="TestCases.GroupTest" name="verifyfacebooklogoTest">
    <skipped/>
  </testcase> <!-- verifyfacebooklogoTest -->
  <testcase classname="TestCases.GroupTest" name="verifylinkedInlogoTest">
    <skipped/>
  </testcase> <!-- verifylinkedInlogoTest -->
  <testcase classname="TestCases.GroupTest" name="verifyCurrentUrlTest">
    <skipped/>
  </testcase> <!-- verifyCurrentUrlTest -->
  <testcase classname="TestCases.GroupTest" name="verifyTitleTest">
    <skipped/>
  </testcase> <!-- verifyTitleTest -->
  <testcase classname="TestCases.GroupTest" name="verifySmallLogoTest">
    <skipped/>
  </testcase> <!-- verifySmallLogoTest -->
  <testcase classname="TestCases.GroupTest" name="verifytwitterlogoTest">
    <skipped/>
  </testcase> <!-- verifytwitterlogoTest -->
</testsuite> <!-- TestCases.GroupTest -->
