<?xml version="1.0" encoding="UTF-8"?>
<!-- Generated by org.testng.reporters.JUnitReportReporter -->
<testsuite ignored="1" hostname="DESKTOP-OM7JNCE" failures="0" tests="1" name="TestCases1.CartPage1_1Test" time="9.713" errors="0" timestamp="27 Oct 2022 17:27:23 GMT" skipped="0">
  <testcase classname="TestCases1.CartPage1_1Test" name="checkOutPage4Test" time="9.713"/>
  <testcase classname="TestCases1.CompletePage1_1Test" name="finalLogoTest">
    <skipped/>
  </testcase> <!-- finalLogoTest -->
</testsuite> <!-- TestCases1.CartPage1_1Test -->
