<?xml version="1.0" encoding="UTF-8"?>
<!-- Generated by org.testng.reporters.JUnitReportReporter -->
<testsuite ignored="1" hostname="DESKTOP-OM7JNCE" failures="0" tests="5" name="TestCases1.LoginPage1_1Test" time="39.569" errors="0" timestamp="27 Oct 2022 17:27:23 GMT" skipped="0">
  <testcase classname="TestCases1.LoginPage1_1Test" name="verifyTitleTest" time="6.504"/>
  <testcase classname="TestCases1.LoginPage1_1Test" name="verifyTitle1Test" time="7.286"/>
  <testcase classname="TestCases1.LoginPage1_1Test" name="verifyCurrentUrl1Test" time="10.714"/>
  <testcase classname="TestCases1.LoginPage1_1Test" name="loginSucessfullyTest" time="7.418"/>
  <testcase classname="TestCases1.LoginPage1_1Test" name="verifyCurrentUrlTest" time="7.647"/>
  <testcase classname="TestCases1.CompletePage1_1Test" name="finalLogoTest">
    <skipped/>
  </testcase> <!-- finalLogoTest -->
</testsuite> <!-- TestCases1.LoginPage1_1Test -->
