<?xml version="1.0" encoding="UTF-8"?>
<!-- Generated by org.testng.reporters.JUnitReportReporter -->
<testsuite ignored="10" hostname="DESKTOP-OM7JNCE" failures="0" tests="1" name="TestCases.InventoryPageTest" time="6.616" errors="0" timestamp="29 Oct 2022 10:07:10 GMT" skipped="0">
  <testcase classname="TestCases.InventoryPageTest" name="getOptionTest" time="6.616"/>
  <testcase classname="TestCases.InventoryPageTest" name="remove2ProductTest">
    <skipped/>
  </testcase> <!-- remove2ProductTest -->
  <testcase classname="TestCases.InventoryPageTest" name="verifySmallLogoTest">
    <skipped/>
  </testcase> <!-- verifySmallLogoTest -->
  <testcase classname="TestCases.InventoryPageTest" name="verifyfacebooklogoTest">
    <skipped/>
  </testcase> <!-- verifyfacebooklogoTest -->
  <testcase classname="TestCases.InventoryPageTest" name="verifylinkedInlogoTest">
    <skipped/>
  </testcase> <!-- verifylinkedInlogoTest -->
  <testcase classname="TestCases.InventoryPageTest" name="verifyCurrentUrlTest">
    <skipped/>
  </testcase> <!-- verifyCurrentUrlTest -->
  <testcase classname="TestCases.InventoryPageTest" name="verifytwitterlogoTest">
    <skipped/>
  </testcase> <!-- verifytwitterlogoTest -->
  <testcase classname="TestCases.InventoryPageTest" name="verifyBigLogoTest">
    <skipped/>
  </testcase> <!-- verifyBigLogoTest -->
  <testcase classname="TestCases.InventoryPageTest" name="verifyTitleTest">
    <skipped/>
  </testcase> <!-- verifyTitleTest -->
  <testcase classname="TestCases.InventoryPageTest" name="gotoNextPage3Test">
    <skipped/>
  </testcase> <!-- gotoNextPage3Test -->
  <testcase classname="TestCases.InventoryPageTest" name="add6ProductTest">
    <skipped/>
  </testcase> <!-- add6ProductTest -->
</testsuite> <!-- TestCases.InventoryPageTest -->
