<?xml version="1.0" encoding="UTF-8"?>
<!-- Generated by org.testng.reporters.JUnitReportReporter -->
<testsuite ignored="9" hostname="DESKTOP-OM7JNCE" failures="0" tests="1" name="TestCases.FailedTestCasesTest" time="6.937" errors="0" timestamp="23 Oct 2022 05:56:40 GMT" skipped="0">
  <testcase classname="TestCases.FailedTestCasesTest" name="verifySmallLogoTest" time="6.937"/>
  <testcase classname="TestCases.FailedTestCasesTest" name="verifyfacebooklogoTest">
    <skipped/>
  </testcase> <!-- verifyfacebooklogoTest -->
  <testcase classname="TestCases.FailedTestCasesTest" name="verifylinkedInlogoTest">
    <skipped/>
  </testcase> <!-- verifylinkedInlogoTest -->
  <testcase classname="TestCases.FailedTestCasesTest" name="verifyCurrentUrlTest">
    <skipped/>
  </testcase> <!-- verifyCurrentUrlTest -->
  <testcase classname="TestCases.FailedTestCasesTest" name="verifyBigLogoTest">
    <skipped/>
  </testcase> <!-- verifyBigLogoTest -->
  <testcase classname="TestCases.FailedTestCasesTest" name="gotoNextPage3Test">
    <skipped/>
  </testcase> <!-- gotoNextPage3Test -->
  <testcase classname="TestCases.FailedTestCasesTest" name="verifyTitleTest">
    <skipped/>
  </testcase> <!-- verifyTitleTest -->
  <testcase classname="TestCases.FailedTestCasesTest" name="add6ProductTest">
    <skipped/>
  </testcase> <!-- add6ProductTest -->
  <testcase classname="TestCases.FailedTestCasesTest" name="remove2ProductTest">
    <skipped/>
  </testcase> <!-- remove2ProductTest -->
  <testcase classname="TestCases.FailedTestCasesTest" name="verifytwitterlogoTest">
    <skipped/>
  </testcase> <!-- verifytwitterlogoTest -->
</testsuite> <!-- TestCases.FailedTestCasesTest -->
