<?xml version="1.0" encoding="UTF-8"?>
<!-- Generated by org.testng.reporters.JUnitReportReporter -->
<testsuite ignored="17" hostname="DESKTOP-OM7JNCE" failures="0" tests="13" name="TestCases.OverviewPageTest" time="120.601" errors="0" timestamp="20 Oct 2022 14:32:22 GMT" skipped="0">
  <testcase classname="TestCases.OverviewPageTest" name="totalAmountLabelTest" time="5.966"/>
  <testcase classname="TestCases.OverviewPageTest" name="product1Test" time="15.136"/>
  <testcase classname="TestCases.OverviewPageTest" name="currentUrlTest" time="5.723"/>
  <testcase classname="TestCases.OverviewPageTest" name="shioppingInfoTest" time="10.602"/>
  <testcase classname="TestCases.OverviewPageTest" name="product5Test" time="7.758"/>
  <testcase classname="TestCases.OverviewPageTest" name="totallLabelTest" time="4.722"/>
  <testcase classname="TestCases.OverviewPageTest" name="paymentInfoTest" time="4.775"/>
  <testcase classname="TestCases.OverviewPageTest" name="taxLabelTest" time="4.855"/>
  <testcase classname="TestCases.OverviewPageTest" name="product6Test" time="8.404"/>
  <testcase classname="TestCases.OverviewPageTest" name="product4Test" time="23.945"/>
  <testcase classname="TestCases.OverviewPageTest" name="product2Test" time="13.658"/>
  <testcase classname="TestCases.OverviewPageTest" name="product3Test" time="10.560"/>
  <testcase classname="TestCases.OverviewPageTest" name="finishButtonTest" time="4.497"/>
  <testcase classname="TestCases.CompletePageTest" name="notificationMsgTest">
    <skipped/>
  </testcase> <!-- notificationMsgTest -->
  <testcase classname="TestCases.CompletePageTest" name="thankYouMsgTest">
    <skipped/>
  </testcase> <!-- thankYouMsgTest -->
  <testcase classname="TestCases.CompletePageTest" name="backHomeButtonTest">
    <skipped/>
  </testcase> <!-- backHomeButtonTest -->
  <testcase classname="TestCases.CompletePageTest" name="currnturlTest">
    <skipped/>
  </testcase> <!-- currnturlTest -->
  <testcase classname="TestCases.LoginPageTest" name="verifySwagLabLogoTest">
    <skipped/>
  </testcase> <!-- verifySwagLabLogoTest -->
  <testcase classname="TestCases.LoginPageTest" name="verifyCurrentUrl1Test">
    <skipped/>
  </testcase> <!-- verifyCurrentUrl1Test -->
  <testcase classname="TestCases.LoginPageTest" name="verifyImgTest">
    <skipped/>
  </testcase> <!-- verifyImgTest -->
  <testcase classname="TestCases.LoginPageTest" name="verifyTitle1Test">
    <skipped/>
  </testcase> <!-- verifyTitle1Test -->
  <testcase classname="TestCases.LoginPageTest" name="verifyTitleTest">
    <skipped/>
  </testcase> <!-- verifyTitleTest -->
  <testcase classname="TestCases.LoginPageTest" name="verifyCurrentUrlTest">
    <skipped/>
  </testcase> <!-- verifyCurrentUrlTest -->
  <testcase classname="TestCases.InventoryPageTest" name="remove2ProductTest">
    <skipped/>
  </testcase> <!-- remove2ProductTest -->
  <testcase classname="TestCases.InventoryPageTest" name="verifySmallLogoTest">
    <skipped/>
  </testcase> <!-- verifySmallLogoTest -->
  <testcase classname="TestCases.InventoryPageTest" name="verifylinkedInlogoTest">
    <skipped/>
  </testcase> <!-- verifylinkedInlogoTest -->
  <testcase classname="TestCases.InventoryPageTest" name="verifyfacebooklogoTest">
    <skipped/>
  </testcase> <!-- verifyfacebooklogoTest -->
  <testcase classname="TestCases.InventoryPageTest" name="verifytwitterlogoTest">
    <skipped/>
  </testcase> <!-- verifytwitterlogoTest -->
  <testcase classname="TestCases.InventoryPageTest" name="verifyBigLogoTest">
    <skipped/>
  </testcase> <!-- verifyBigLogoTest -->
  <testcase classname="TestCases.InventoryPageTest" name="gotoNextPage3Test">
    <skipped/>
  </testcase> <!-- gotoNextPage3Test -->
</testsuite> <!-- TestCases.OverviewPageTest -->
