<?xml version="1.0" encoding="UTF-8"?>
<!-- Generated by org.testng.reporters.JUnitReportReporter -->
<testsuite ignored="0" hostname="DESKTOP-OM7JNCE" failures="0" tests="4" name="TestCases1.InventoryPage1_1Test" time="46.155" errors="0" timestamp="30 Sep 2023 11:07:38 GMT" skipped="0">
  <testcase classname="TestCases1.InventoryPage1_1Test" name="add2ProductTest" time="7.962"/>
  <testcase classname="TestCases1.InventoryPage1_1Test" name="add6ProduntTest" time="13.895"/>
  <testcase classname="TestCases1.InventoryPage1_1Test" name="add6Product" time="17.007"/>
  <testcase classname="TestCases1.InventoryPage1_1Test" name="remove2ProductTest" time="7.291"/>
</testsuite> <!-- TestCases1.InventoryPage1_1Test -->
