<?xml version="1.0" encoding="UTF-8"?>
<!-- Generated by org.testng.reporters.JUnitReportReporter -->
<testsuite ignored="6" hostname="DESKTOP-OM7JNCE" failures="0" tests="1" name="TestCases.LoginPageTest" time="6.329" errors="0" timestamp="23 Oct 2022 06:17:01 GMT" skipped="0">
  <testcase classname="TestCases.LoginPageTest" name="verifyTitleTest" time="6.329"/>
  <testcase classname="TestCases.LoginPageTest" name="verifySwagLabLogoTest">
    <skipped/>
  </testcase> <!-- verifySwagLabLogoTest -->
  <testcase classname="TestCases.LoginPageTest" name="verifyCurrentUrl1Test">
    <skipped/>
  </testcase> <!-- verifyCurrentUrl1Test -->
  <testcase classname="TestCases.LoginPageTest" name="loginApp1Page2Test">
    <skipped/>
  </testcase> <!-- loginApp1Page2Test -->
  <testcase classname="TestCases.LoginPageTest" name="verifyTitle1Test">
    <skipped/>
  </testcase> <!-- verifyTitle1Test -->
  <testcase classname="TestCases.LoginPageTest" name="verifyImgTest">
    <skipped/>
  </testcase> <!-- verifyImgTest -->
  <testcase classname="TestCases.LoginPageTest" name="verifyCurrentUrlTest">
    <skipped/>
  </testcase> <!-- verifyCurrentUrlTest -->
</testsuite> <!-- TestCases.LoginPageTest -->
