<?xml version="1.0" encoding="UTF-8"?>
<!-- Generated by org.testng.reporters.JUnitReportReporter -->
<testsuite ignored="1" hostname="DESKTOP-OM7JNCE" failures="0" tests="4" name="TestCases1.InventoryPage1_1Test" time="34.570" errors="0" timestamp="27 Oct 2022 17:27:23 GMT" skipped="0">
  <testcase classname="TestCases1.InventoryPage1_1Test" name="add2ProductTest" time="7.304"/>
  <testcase classname="TestCases1.InventoryPage1_1Test" name="remove2ProductTest" time="8.720"/>
  <testcase classname="TestCases1.InventoryPage1_1Test" name="add6Product" time="10.126"/>
  <testcase classname="TestCases1.InventoryPage1_1Test" name="add6ProduntTest" time="8.420"/>
  <testcase classname="TestCases1.CompletePage1_1Test" name="finalLogoTest">
    <skipped/>
  </testcase> <!-- finalLogoTest -->
</testsuite> <!-- TestCases1.InventoryPage1_1Test -->
