<?xml version="1.0" encoding="UTF-8"?>
<!-- Generated by org.testng.reporters.JUnitReportReporter -->
<testsuite ignored="0" hostname="DESKTOP-OM7JNCE" failures="0" tests="4" name="TestCases.ParallelTest" time="120.969" errors="0" timestamp="14 Dec 2022 11:27:37 GMT" skipped="0">
  <testcase classname="TestCases.ParallelTest" name="amzonApp" time="13.097"/>
  <testcase classname="TestCases.ParallelTest" name="rediffMail" time="3.216"/>
  <testcase classname="TestCases.ParallelTest" name="openSwagLabs" time="96.037"/>
  <testcase classname="TestCases.ParallelTest" name="openGoogle" time="8.619"/>
</testsuite> <!-- TestCases.ParallelTest -->
