<?xml version="1.0" encoding="UTF-8"?>
<!-- Generated by org.testng.reporters.JUnitReportReporter -->
<testsuite ignored="0" hostname="DESKTOP-OM7JNCE" failures="0" tests="1" name="TestCases.CheckOutPage1_1Test" time="7.701" errors="0" timestamp="17 Oct 2022 04:16:58 GMT" skipped="0">
  <testcase classname="TestCases.CheckOutPage1_1Test" name="checkOutPage5Test" time="7.701"/>
</testsuite> <!-- TestCases.CheckOutPage1_1Test -->
