<?xml version="1.0" encoding="UTF-8"?>
<!-- Generated by org.testng.reporters.JUnitReportReporter -->
<testsuite ignored="0" hostname="DESKTOP-OM7JNCE" failures="0" tests="5" name="TestCases1.LoginPageText" time="28.666" errors="0" timestamp="16 Oct 2022 17:25:59 GMT" skipped="0">
  <testcase classname="TestCases1.LoginPageText" name="verifyCurrentUrl1Test" time="5.635"/>
  <testcase classname="TestCases1.LoginPageText" name="verifyCurrentUrlTest" time="2.951"/>
  <testcase classname="TestCases1.LoginPageText" name="verifyTitleTest" time="10.552"/>
  <testcase classname="TestCases1.LoginPageText" name="loginSucessfullyTest" time="4.084"/>
  <testcase classname="TestCases1.LoginPageText" name="verifyTitle1Test" time="5.444"/>
</testsuite> <!-- TestCases1.LoginPageText -->
